<?xml version="1.0" encoding="UTF-8"?>
<!-- Generated by org.testng.reporters.JUnitReportReporter -->
<testsuite skipped="0" hostname="LAPTOP-PPV7IQKK" name="mymaven.PositiveTesting" tests="1" failures="0" timestamp="2021-03-10T16:43:53 COT" time="14.728" errors="0">
  <testcase name="Test1" time="14.728" classname="mymaven.PositiveTesting"/>
  <system-out/>
</testsuite> <!-- mymaven.PositiveTesting -->
